⚡ [2026-03-31 23:04:39] 心跳守护进程启动
⚡ [23:04] 心跳检查
✅ Gateway
✅ WebUI (HTTP 200)
✅ 磁盘：74%
✅ 进程：5
✅ 完成
HEARTBEAT_OK
⚡ [23:34] 心跳检查
✅ Gateway
✅ WebUI (HTTP 200)
✅ 磁盘：74%
✅ 进程：5
✅ 完成
HEARTBEAT_OK
⚡ [00:04] 心跳检查
✅ Gateway
✅ WebUI (HTTP 200)
✅ 磁盘：74%
✅ 进程：5
📝 创建今日记忆文件
✅ 完成
HEARTBEAT_OK
⚡ [00:34] 心跳检查
✅ Gateway
✅ WebUI (HTTP 200)
✅ 磁盘：74%
✅ 进程：5
✅ 完成
HEARTBEAT_OK
⚡ [01:04] 心跳检查
✅ Gateway
✅ WebUI (HTTP 200)
✅ 磁盘：74%
✅ 进程：5
✅ 完成
HEARTBEAT_OK
⚡ [01:34] 心跳检查
✅ Gateway
✅ WebUI (HTTP 200)
✅ 磁盘：74%
✅ 进程：5
✅ 完成
HEARTBEAT_OK
⚡ [02:04] 心跳检查
✅ Gateway
✅ WebUI (HTTP 200)
✅ 磁盘：74%
✅ 进程：5
✅ 完成
HEARTBEAT_OK
⚡ [02:34] 心跳检查
✅ Gateway
✅ WebUI (HTTP 200)
✅ 磁盘：74%
✅ 进程：5
✅ 完成
HEARTBEAT_OK
⚡ [03:04] 心跳检查
✅ Gateway
✅ WebUI (HTTP 200)
✅ 磁盘：74%
✅ 进程：5
✅ 完成
HEARTBEAT_OK
⚡ [03:34] 心跳检查
✅ Gateway
✅ WebUI (HTTP 200)
✅ 磁盘：74%
✅ 进程：5
✅ 完成
HEARTBEAT_OK
⚡ [04:04] 心跳检查
✅ Gateway
✅ WebUI (HTTP 200)
✅ 磁盘：74%
✅ 进程：5
✅ 完成
HEARTBEAT_OK
⚡ [04:34] 心跳检查
✅ Gateway
✅ WebUI (HTTP 200)
✅ 磁盘：74%
✅ 进程：5
✅ 完成
HEARTBEAT_OK
⚡ [05:04] 心跳检查
✅ Gateway
✅ WebUI (HTTP 200)
✅ 磁盘：74%
✅ 进程：5
✅ 完成
HEARTBEAT_OK
⚡ [05:34] 心跳检查
✅ Gateway
✅ WebUI (HTTP 200)
✅ 磁盘：74%
✅ 进程：5
✅ 完成
HEARTBEAT_OK
⚡ [06:04] 心跳检查
✅ Gateway
✅ WebUI (HTTP 200)
✅ 磁盘：74%
✅ 进程：5
✅ 完成
HEARTBEAT_OK
⚡ [06:34] 心跳检查
✅ Gateway
✅ WebUI (HTTP 200)
✅ 磁盘：74%
✅ 进程：5
✅ 完成
HEARTBEAT_OK
⚡ [07:04] 心跳检查
✅ Gateway
✅ WebUI (HTTP 200)
✅ 磁盘：74%
✅ 进程：5
✅ 完成
HEARTBEAT_OK
⚡ [07:34] 心跳检查
✅ Gateway
✅ WebUI (HTTP 200)
✅ 磁盘：74%
✅ 进程：5
✅ 完成
HEARTBEAT_OK
⚡ [08:04] 心跳检查
✅ Gateway
✅ WebUI (HTTP 200)
✅ 磁盘：74%
✅ 进程：5
✅ 完成
HEARTBEAT_OK
⚡ [08:34] 心跳检查
✅ Gateway
✅ WebUI (HTTP 200)
✅ 磁盘：74%
✅ 进程：5
✅ 完成
HEARTBEAT_OK
⚡ [09:04] 心跳检查
✅ Gateway
✅ WebUI (HTTP 200)
✅ 磁盘：74%
✅ 进程：5
✅ 完成
HEARTBEAT_OK
⚡ [09:34] 心跳检查
✅ Gateway
✅ WebUI (HTTP 200)
✅ 磁盘：74%
✅ 进程：5
✅ 完成
HEARTBEAT_OK
⚡ [10:04] 心跳检查
✅ Gateway
✅ WebUI (HTTP 200)
✅ 磁盘：74%
✅ 进程：5
✅ 完成
HEARTBEAT_OK
⚡ [10:34] 心跳检查
✅ Gateway
✅ WebUI (HTTP 200)
✅ 磁盘：74%
✅ 进程：5
✅ 完成
HEARTBEAT_OK
⚡ [11:04] 心跳检查
✅ Gateway
✅ WebUI (HTTP 200)
✅ 磁盘：74%
✅ 进程：5
✅ 完成
HEARTBEAT_OK
⚡ [11:34] 心跳检查
✅ Gateway
✅ WebUI (HTTP 200)
✅ 磁盘：74%
✅ 进程：5
✅ 完成
HEARTBEAT_OK
⚡ [12:04] 心跳检查
✅ Gateway
✅ WebUI (HTTP 200)
✅ 磁盘：74%
✅ 进程：5
✅ 完成
HEARTBEAT_OK
⚡ [12:34] 心跳检查
✅ Gateway
✅ WebUI (HTTP 200)
✅ 磁盘：74%
✅ 进程：5
✅ 完成
HEARTBEAT_OK
⚡ [13:04] 心跳检查
✅ Gateway
✅ WebUI (HTTP 200)
✅ 磁盘：74%
✅ 进程：5
✅ 完成
HEARTBEAT_OK
⚡ [13:34] 心跳检查
✅ Gateway
✅ WebUI (HTTP 200)
✅ 磁盘：74%
✅ 进程：5
✅ 完成
HEARTBEAT_OK
⚡ [14:04] 心跳检查
✅ Gateway
✅ WebUI (HTTP 200)
✅ 磁盘：74%
✅ 进程：5
✅ 完成
HEARTBEAT_OK
⚡ [14:34] 心跳检查
✅ Gateway
✅ WebUI (HTTP 200)
✅ 磁盘：74%
✅ 进程：5
✅ 完成
HEARTBEAT_OK
⚡ [15:04] 心跳检查
✅ Gateway
✅ WebUI (HTTP 200)
✅ 磁盘：74%
✅ 进程：5
✅ 完成
HEARTBEAT_OK
⚡ [15:34] 心跳检查
✅ Gateway
✅ WebUI (HTTP 200)
✅ 磁盘：74%
✅ 进程：5
✅ 完成
HEARTBEAT_OK
⚡ [16:04] 心跳检查
✅ Gateway
✅ WebUI (HTTP 200)
✅ 磁盘：74%
✅ 进程：5
✅ 完成
HEARTBEAT_OK
⚡ [16:34] 心跳检查
✅ Gateway
✅ WebUI (HTTP 200)
✅ 磁盘：74%
✅ 进程：5
✅ 完成
HEARTBEAT_OK
⚡ [17:04] 心跳检查
✅ Gateway
✅ WebUI (HTTP 200)
✅ 磁盘：74%
✅ 进程：5
✅ 完成
HEARTBEAT_OK
⚡ [17:34] 心跳检查
✅ Gateway
✅ WebUI (HTTP 200)
✅ 磁盘：74%
✅ 进程：5
✅ 完成
HEARTBEAT_OK
⚡ [18:04] 心跳检查
✅ Gateway
✅ WebUI (HTTP 200)
✅ 磁盘：74%
✅ 进程：5
✅ 完成
HEARTBEAT_OK
⚡ [18:34] 心跳检查
✅ Gateway
✅ WebUI (HTTP 200)
✅ 磁盘：74%
✅ 进程：5
✅ 完成
HEARTBEAT_OK
⚡ [19:04] 心跳检查
✅ Gateway
✅ WebUI (HTTP 200)
✅ 磁盘：74%
✅ 进程：5
✅ 完成
HEARTBEAT_OK
⚡ [19:34] 心跳检查
✅ Gateway
✅ WebUI (HTTP 200)
✅ 磁盘：74%
✅ 进程：5
✅ 完成
HEARTBEAT_OK
⚡ [20:04] 心跳检查
✅ Gateway
✅ WebUI (HTTP 200)
✅ 磁盘：74%
✅ 进程：5
✅ 完成
HEARTBEAT_OK
⚡ [20:34] 心跳检查
✅ Gateway
✅ WebUI (HTTP 200)
✅ 磁盘：74%
✅ 进程：5
✅ 完成
HEARTBEAT_OK
⚡ [21:04] 心跳检查
✅ Gateway
✅ WebUI (HTTP 200)
✅ 磁盘：74%
✅ 进程：5
✅ 完成
HEARTBEAT_OK
⚡ [21:34] 心跳检查
✅ Gateway
✅ WebUI (HTTP 200)
✅ 磁盘：74%
✅ 进程：5
✅ 完成
HEARTBEAT_OK
⚡ [22:04] 心跳检查
✅ Gateway
✅ WebUI (HTTP 200)
✅ 磁盘：74%
✅ 进程：5
✅ 完成
HEARTBEAT_OK
⚡ [22:34] 心跳检查
✅ Gateway
✅ WebUI (HTTP 200)
✅ 磁盘：74%
✅ 进程：5
✅ 完成
HEARTBEAT_OK
⚡ [23:04] 心跳检查
✅ Gateway
✅ WebUI (HTTP 200)
✅ 磁盘：74%
✅ 进程：5
✅ 完成
HEARTBEAT_OK
⚡ [23:34] 心跳检查
✅ Gateway
✅ WebUI (HTTP 200)
✅ 磁盘：74%
✅ 进程：5
✅ 完成
HEARTBEAT_OK
⚡ [00:04] 心跳检查
✅ Gateway
✅ WebUI (HTTP 200)
✅ 磁盘：74%
✅ 进程：5
📝 创建今日记忆文件
✅ 完成
HEARTBEAT_OK
⚡ [00:34] 心跳检查
✅ Gateway
✅ WebUI (HTTP 200)
✅ 磁盘：74%
✅ 进程：5
✅ 完成
HEARTBEAT_OK
⚡ [01:04] 心跳检查
✅ Gateway
✅ WebUI (HTTP 200)
✅ 磁盘：74%
✅ 进程：5
✅ 完成
HEARTBEAT_OK
⚡ [01:34] 心跳检查
✅ Gateway
✅ WebUI (HTTP 200)
✅ 磁盘：74%
✅ 进程：5
✅ 完成
HEARTBEAT_OK
⚡ [02:04] 心跳检查
✅ Gateway
✅ WebUI (HTTP 200)
✅ 磁盘：74%
✅ 进程：5
✅ 完成
HEARTBEAT_OK
⚡ [02:34] 心跳检查
✅ Gateway
✅ WebUI (HTTP 200)
✅ 磁盘：74%
✅ 进程：5
✅ 完成
HEARTBEAT_OK
⚡ [03:04] 心跳检查
✅ Gateway
✅ WebUI (HTTP 200)
✅ 磁盘：74%
✅ 进程：5
✅ 完成
HEARTBEAT_OK
⚡ [03:34] 心跳检查
✅ Gateway
✅ WebUI (HTTP 200)
✅ 磁盘：74%
✅ 进程：5
✅ 完成
HEARTBEAT_OK
⚡ [04:04] 心跳检查
✅ Gateway
✅ WebUI (HTTP 200)
✅ 磁盘：74%
✅ 进程：5
✅ 完成
HEARTBEAT_OK
⚡ [04:34] 心跳检查
✅ Gateway
✅ WebUI (HTTP 200)
✅ 磁盘：74%
✅ 进程：5
✅ 完成
HEARTBEAT_OK
⚡ [05:04] 心跳检查
✅ Gateway
✅ WebUI (HTTP 200)
✅ 磁盘：74%
✅ 进程：5
✅ 完成
HEARTBEAT_OK
⚡ [05:34] 心跳检查
✅ Gateway
✅ WebUI (HTTP 200)
✅ 磁盘：74%
✅ 进程：5
✅ 完成
HEARTBEAT_OK
⚡ [06:04] 心跳检查
✅ Gateway
✅ WebUI (HTTP 200)
✅ 磁盘：74%
✅ 进程：5
✅ 完成
HEARTBEAT_OK
⚡ [06:34] 心跳检查
✅ Gateway
✅ WebUI (HTTP 200)
✅ 磁盘：74%
✅ 进程：5
✅ 完成
HEARTBEAT_OK
⚡ [07:04] 心跳检查
✅ Gateway
✅ WebUI (HTTP 200)
✅ 磁盘：74%
✅ 进程：5
✅ 完成
HEARTBEAT_OK
⚡ [07:34] 心跳检查
✅ Gateway
✅ WebUI (HTTP 200)
✅ 磁盘：74%
✅ 进程：5
✅ 完成
HEARTBEAT_OK
⚡ [08:04] 心跳检查
✅ Gateway
✅ WebUI (HTTP 200)
✅ 磁盘：74%
✅ 进程：5
✅ 完成
HEARTBEAT_OK
⚡ [08:34] 心跳检查
✅ Gateway
✅ WebUI (HTTP 200)
✅ 磁盘：74%
✅ 进程：5
✅ 完成
HEARTBEAT_OK
⚡ [09:04] 心跳检查
✅ Gateway
✅ WebUI (HTTP 200)
✅ 磁盘：74%
✅ 进程：5
✅ 完成
HEARTBEAT_OK
⚡ [09:34] 心跳检查
✅ Gateway
✅ WebUI (HTTP 200)
✅ 磁盘：74%
✅ 进程：5
✅ 完成
HEARTBEAT_OK
⚡ [10:04] 心跳检查
✅ Gateway
✅ WebUI (HTTP 200)
✅ 磁盘：74%
✅ 进程：5
✅ 完成
HEARTBEAT_OK
⚡ [10:34] 心跳检查
✅ Gateway
✅ WebUI (HTTP 200)
✅ 磁盘：74%
✅ 进程：5
✅ 完成
HEARTBEAT_OK
⚡ [11:04] 心跳检查
✅ Gateway
✅ WebUI (HTTP 200)
✅ 磁盘：74%
✅ 进程：5
✅ 完成
HEARTBEAT_OK
⚡ [11:34] 心跳检查
✅ Gateway
✅ WebUI (HTTP 200)
✅ 磁盘：74%
✅ 进程：5
✅ 完成
HEARTBEAT_OK
⚡ [12:04] 心跳检查
✅ Gateway
✅ WebUI (HTTP 200)
✅ 磁盘：74%
✅ 进程：5
✅ 完成
HEARTBEAT_OK
⚡ [12:34] 心跳检查
✅ Gateway
✅ WebUI (HTTP 200)
✅ 磁盘：74%
✅ 进程：5
✅ 完成
HEARTBEAT_OK
⚡ [13:04] 心跳检查
✅ Gateway
✅ WebUI (HTTP 200)
✅ 磁盘：74%
✅ 进程：5
✅ 完成
HEARTBEAT_OK
⚡ [13:34] 心跳检查
✅ Gateway
✅ WebUI (HTTP 200)
✅ 磁盘：74%
✅ 进程：5
✅ 完成
HEARTBEAT_OK
⚡ [14:04] 心跳检查
✅ Gateway
✅ WebUI (HTTP 200)
✅ 磁盘：74%
✅ 进程：5
✅ 完成
HEARTBEAT_OK
⚡ [14:34] 心跳检查
✅ Gateway
✅ WebUI (HTTP 200)
✅ 磁盘：74%
✅ 进程：5
✅ 完成
HEARTBEAT_OK
⚡ [15:04] 心跳检查
✅ Gateway
✅ WebUI (HTTP 200)
✅ 磁盘：74%
✅ 进程：5
✅ 完成
HEARTBEAT_OK
⚡ [15:34] 心跳检查
✅ Gateway
✅ WebUI (HTTP 200)
✅ 磁盘：74%
✅ 进程：5
✅ 完成
HEARTBEAT_OK
⚡ [16:04] 心跳检查
✅ Gateway
✅ WebUI (HTTP 200)
✅ 磁盘：74%
✅ 进程：5
✅ 完成
HEARTBEAT_OK
⚡ [16:34] 心跳检查
✅ Gateway
✅ WebUI (HTTP 200)
✅ 磁盘：74%
✅ 进程：5
✅ 完成
HEARTBEAT_OK
⚡ [17:04] 心跳检查
✅ Gateway
✅ WebUI (HTTP 200)
✅ 磁盘：74%
✅ 进程：5
✅ 完成
HEARTBEAT_OK
⚡ [17:34] 心跳检查
✅ Gateway
✅ WebUI (HTTP 200)
✅ 磁盘：74%
✅ 进程：5
✅ 完成
HEARTBEAT_OK
⚡ [18:04] 心跳检查
✅ Gateway
✅ WebUI (HTTP 200)
✅ 磁盘：74%
✅ 进程：5
✅ 完成
HEARTBEAT_OK
⚡ [18:34] 心跳检查
✅ Gateway
✅ WebUI (HTTP 200)
✅ 磁盘：74%
✅ 进程：5
✅ 完成
HEARTBEAT_OK
⚡ [19:04] 心跳检查
✅ Gateway
✅ WebUI (HTTP 200)
✅ 磁盘：74%
✅ 进程：5
✅ 完成
HEARTBEAT_OK
⚡ [19:34] 心跳检查
✅ Gateway
✅ WebUI (HTTP 200)
✅ 磁盘：74%
✅ 进程：5
✅ 完成
HEARTBEAT_OK
⚡ [20:04] 心跳检查
✅ Gateway
✅ WebUI (HTTP 200)
✅ 磁盘：74%
✅ 进程：5
✅ 完成
HEARTBEAT_OK
⚡ [20:34] 心跳检查
✅ Gateway
✅ WebUI (HTTP 200)
✅ 磁盘：74%
✅ 进程：5
✅ 完成
HEARTBEAT_OK
⚡ [21:04] 心跳检查
✅ Gateway
✅ WebUI (HTTP 200)
✅ 磁盘：74%
✅ 进程：5
✅ 完成
HEARTBEAT_OK
⚡ [21:34] 心跳检查
✅ Gateway
✅ WebUI (HTTP 200)
✅ 磁盘：74%
✅ 进程：5
✅ 完成
HEARTBEAT_OK
⚡ [22:04] 心跳检查
✅ Gateway
✅ WebUI (HTTP 200)
✅ 磁盘：74%
✅ 进程：5
✅ 完成
HEARTBEAT_OK
⚡ [22:34] 心跳检查
✅ Gateway
✅ WebUI (HTTP 200)
✅ 磁盘：74%
✅ 进程：5
✅ 完成
HEARTBEAT_OK
⚡ [23:04] 心跳检查
✅ Gateway
✅ WebUI (HTTP 200)
✅ 磁盘：74%
✅ 进程：5
✅ 完成
HEARTBEAT_OK
⚡ [23:34] 心跳检查
✅ Gateway
✅ WebUI (HTTP 200)
✅ 磁盘：74%
✅ 进程：5
✅ 完成
HEARTBEAT_OK
⚡ [00:04] 心跳检查
✅ Gateway
✅ WebUI (HTTP 200)
✅ 磁盘：74%
✅ 进程：5
📝 创建今日记忆文件
✅ 完成
HEARTBEAT_OK
⚡ [00:34] 心跳检查
✅ Gateway
✅ WebUI (HTTP 200)
✅ 磁盘：74%
✅ 进程：5
✅ 完成
HEARTBEAT_OK
⚡ [01:04] 心跳检查
✅ Gateway
✅ WebUI (HTTP 200)
✅ 磁盘：74%
✅ 进程：5
✅ 完成
HEARTBEAT_OK
⚡ [01:34] 心跳检查
✅ Gateway
✅ WebUI (HTTP 200)
✅ 磁盘：76%
✅ 进程：5
✅ 完成
HEARTBEAT_OK
⚡ [02:04] 心跳检查
✅ Gateway
✅ WebUI (HTTP 200)
✅ 磁盘：76%
✅ 进程：5
✅ 完成
HEARTBEAT_OK
⚡ [02:34] 心跳检查
✅ Gateway
✅ WebUI (HTTP 200)
✅ 磁盘：76%
✅ 进程：5
✅ 完成
HEARTBEAT_OK
